You're Fired.
Asparagus
Very Good Chef.
You're Fired.
Potatoes,Steak
You're Fired.
Pork-Chops
You're Fired.
Potatoes,Steak,Potatoes,Steak
You're Fired.
Carrots,Asparagus,Steak,Broccoli,Potatoes,Pork-Chops,Roast-Chicken
Very Good Chef.
You're Fired.
Broccoli,Roast-Chicken,Carrots,Potatoes,Steak,Pork-Chops,Asparagus
You're Fired.
Steak,Steak
You're Fired.
Pork-Chops,Pork-Chops
You're Fired.
Roast-Chicken,Roast-Chicken
You're Fired.
Asparagus,Asparagus
You're Fired.
Broccoli,Broccoli
You're Fired.
Carrots,Carrots
You're Fired.
Potatoes,Potatoes
You're Fired.
Carrots,Carrots,Carrots,Carrots,Carrots,Carrots,Carrots,Carrots
