-------
|Hello|
|its  |
|me   |
|and  |
|you  |
-------
----------
|Somebody|
|once    |
|told me |
|the     |
|world   |
|was     |
|gonna   |
|roll me |
----------
---
|I|
|A|
|E|
|O|
|U|
|Y|
---
----------
|Somebody|
----------
---
|A|
---
----------
|Somebody|
|once    |
|told me |
----------
-------
|12345|
|678  |
|90   |
|123  |
|456  |
-------
----------
|12345678|
|90-=    |
|!@#$ `~ |
|%^&     |
|*()_+   |
|,./     |
|[]{}|   |
|\<>? ;: |
----------
-----
|eye|
|eye|
|eye|
-----
-------
|twoer|
|three|
|fiver|
|sixer|
|seven|
-------
